2020-12-14 08:32:58,728 - INFO - Log file has been created: logs/14-12-2020_8-32-58.log
2020-12-14 08:32:58,730 - INFO - Initialise and reset INA260 chip
2020-12-14 08:32:58,835 - INFO - Loading settings
2020-12-14 08:32:58,842 - INFO - ID loaded: 0001
2020-12-14 08:32:58,844 - INFO - NUM loaded: +61448182742
2020-12-14 08:32:59,019 - INFO - Warmup has been completed
2020-12-14 08:33:00,025 - DEBUG - V=13.3725,I=0.0650,
2020-12-14 08:33:00,026 - WARNING - Voltage CHARGING: 13.3725V
2020-12-14 08:33:54,983 - INFO - SMS Received
2020-12-14 08:33:58,409 - INFO - Number of Texts Received: 2
2020-12-14 08:34:01,915 - INFO - ID Found
2020-12-14 08:34:01,917 - INFO - Status Requested
2020-12-14 08:34:01,921 - DEBUG - V=13.3087,I=0.0713,
2020-12-14 08:34:12,322 - INFO - ID Found
2020-12-14 08:34:39,836 - INFO - SMS Received
2020-12-14 08:34:43,258 - INFO - Number of Texts Received: 1
2020-12-14 08:34:46,765 - INFO - ID Found
2020-12-14 08:34:46,767 - INFO - wifi off Requested
2020-12-14 08:34:46,799 - INFO - turning wifi off
2020-12-14 09:03:05,064 - DEBUG - V=13.1125,I=0.0475,
2020-12-14 09:03:05,066 - WARNING - Voltage CHARGING: 13.1125V
2020-12-14 09:33:10,174 - DEBUG - V=13.0825,I=0.0562,
2020-12-14 09:33:10,176 - WARNING - Voltage CHARGING: 13.0825V
2020-12-14 10:03:15,286 - DEBUG - V=13.0600,I=0.0713,
2020-12-14 10:03:15,288 - WARNING - Voltage CHARGING: 13.06V
2020-12-14 10:33:20,333 - DEBUG - V=13.0438,I=0.0488,
2020-12-14 10:33:20,335 - WARNING - Voltage CHARGING: 13.043750000000001V
2020-12-14 11:03:25,373 - DEBUG - V=13.0275,I=0.0500,
2020-12-14 11:03:25,375 - WARNING - Voltage CHARGING: 13.0275V
2020-12-14 11:33:30,443 - DEBUG - V=13.0113,I=0.0575,
2020-12-14 11:33:30,445 - WARNING - Voltage CHARGING: 13.01125V
2020-12-14 12:03:35,555 - DEBUG - V=12.9838,I=0.0887,
2020-12-14 12:03:35,557 - WARNING - Voltage GOOD: 12.98375V
2020-12-14 12:07:03,372 - INFO - SMS Received
2020-12-14 12:07:06,794 - INFO - Number of Texts Received: 1
2020-12-14 12:07:10,301 - INFO - ID Found
2020-12-14 12:07:10,303 - INFO - Status Requested
2020-12-14 12:07:10,307 - DEBUG - V=12.9537,I=0.1225,
2020-12-14 12:33:36,564 - DEBUG - V=12.9862,I=0.0550,
2020-12-14 12:33:36,566 - WARNING - Voltage GOOD: 12.986249999999998V
2020-12-14 13:03:37,623 - DEBUG - V=12.9750,I=0.0537,
2020-12-14 13:03:37,625 - WARNING - Voltage GOOD: 12.975000000000001V
2020-12-14 13:33:38,693 - DEBUG - V=12.9625,I=0.0488,
2020-12-14 13:33:38,695 - WARNING - Voltage GOOD: 12.962499999999999V
2020-12-14 14:03:39,800 - DEBUG - V=12.9513,I=0.0513,
2020-12-14 14:03:39,802 - WARNING - Voltage GOOD: 12.951250000000002V
2020-12-14 14:33:40,823 - DEBUG - V=12.9400,I=0.0500,
2020-12-14 14:33:40,825 - WARNING - Voltage GOOD: 12.940000000000001V
2020-12-14 15:03:41,873 - DEBUG - V=12.9288,I=0.0562,
2020-12-14 15:03:41,875 - WARNING - Voltage GOOD: 12.92875V
2020-12-14 15:33:42,953 - DEBUG - V=12.9175,I=0.0500,
2020-12-14 15:33:42,955 - WARNING - Voltage GOOD: 12.9175V
2020-12-14 16:03:44,060 - DEBUG - V=12.9087,I=0.0562,
2020-12-14 16:03:44,062 - WARNING - Voltage GOOD: 12.90875V
2020-12-14 16:33:45,083 - DEBUG - V=12.9000,I=0.0525,
2020-12-14 16:33:45,085 - WARNING - Voltage GOOD: 12.9V
2020-12-14 17:03:46,123 - DEBUG - V=12.8900,I=0.0488,
2020-12-14 17:03:46,125 - WARNING - Voltage GOOD: 12.889999999999999V
2020-12-14 17:33:47,153 - DEBUG - V=12.8800,I=0.0513,
2020-12-14 17:33:47,155 - WARNING - Voltage GOOD: 12.88V
2020-12-14 18:03:48,173 - DEBUG - V=12.8712,I=0.0475,
2020-12-14 18:03:48,175 - WARNING - Voltage GOOD: 12.87125V
2020-12-14 18:33:49,280 - DEBUG - V=12.8600,I=0.0525,
2020-12-14 18:33:49,282 - WARNING - Voltage GOOD: 12.86V
2020-12-14 19:03:50,303 - DEBUG - V=12.8513,I=0.0488,
2020-12-14 19:03:50,305 - WARNING - Voltage GOOD: 12.85125V
2020-12-14 19:33:51,373 - DEBUG - V=12.8412,I=0.0500,
2020-12-14 19:33:51,375 - WARNING - Voltage GOOD: 12.841249999999999V
2020-12-14 20:03:52,433 - DEBUG - V=12.8300,I=0.0500,
2020-12-14 20:03:52,435 - WARNING - Voltage GOOD: 12.829999999999998V
2020-12-14 20:33:53,540 - DEBUG - V=12.8200,I=0.0513,
2020-12-14 20:33:53,542 - WARNING - Voltage GOOD: 12.82V
2020-12-14 20:53:15,947 - INFO - SMS Received
2020-12-14 20:53:19,369 - INFO - Number of Texts Received: 1
2020-12-14 20:53:22,876 - INFO - ID Found
2020-12-14 20:53:22,878 - INFO - Status Requested
2020-12-14 20:53:22,882 - DEBUG - V=12.7975,I=0.0800,
2020-12-14 21:03:54,564 - DEBUG - V=12.8113,I=0.0488,
2020-12-14 21:03:54,566 - WARNING - Voltage GOOD: 12.811250000000001V
2020-12-14 21:33:55,623 - DEBUG - V=12.8000,I=0.0513,
2020-12-14 21:33:55,625 - WARNING - Voltage GOOD: 12.8V
2020-12-14 22:03:56,693 - DEBUG - V=12.7913,I=0.0587,
2020-12-14 22:03:56,695 - WARNING - Voltage GOOD: 12.791250000000002V
2020-12-14 22:33:57,734 - DEBUG - V=12.7825,I=0.0575,
2020-12-14 22:33:57,735 - WARNING - Voltage GOOD: 12.7825V
2020-12-14 23:03:58,823 - DEBUG - V=12.7713,I=0.0488,
2020-12-14 23:03:58,825 - WARNING - Voltage GOOD: 12.77125V
2020-12-14 23:33:59,873 - DEBUG - V=12.7637,I=0.0500,
2020-12-14 23:33:59,875 - WARNING - Voltage GOOD: 12.76375V
2020-12-15 00:04:00,953 - DEBUG - V=12.7538,I=0.0562,
2020-12-15 00:04:00,955 - WARNING - Voltage GOOD: 12.75375V
2020-12-15 00:34:01,984 - DEBUG - V=12.7462,I=0.0562,
2020-12-15 00:34:01,985 - WARNING - Voltage GOOD: 12.74625V
2020-12-15 01:04:03,083 - DEBUG - V=12.7363,I=0.0550,
2020-12-15 01:04:03,085 - WARNING - Voltage GOOD: 12.73625V
2020-12-15 01:34:04,123 - DEBUG - V=12.7275,I=0.0488,
2020-12-15 01:34:04,125 - WARNING - Voltage GOOD: 12.727500000000001V
2020-12-15 02:04:05,213 - DEBUG - V=12.7188,I=0.0562,
2020-12-15 02:04:05,215 - WARNING - Voltage GOOD: 12.71875V
2020-12-15 02:34:06,320 - DEBUG - V=12.7100,I=0.0488,
2020-12-15 02:34:06,322 - WARNING - Voltage GOOD: 12.709999999999999V
2020-12-15 03:04:07,343 - DEBUG - V=12.7025,I=0.0537,
2020-12-15 03:04:07,345 - WARNING - Voltage GOOD: 12.7025V
2020-12-15 03:34:08,373 - DEBUG - V=12.6937,I=0.0562,
2020-12-15 03:34:08,375 - WARNING - Voltage GOOD: 12.69375V
2020-12-15 04:04:09,473 - DEBUG - V=12.6875,I=0.0488,
2020-12-15 04:04:09,475 - WARNING - Voltage GOOD: 12.6875V
2020-12-15 04:34:10,580 - DEBUG - V=12.6812,I=0.0575,
2020-12-15 04:34:10,582 - WARNING - Voltage GOOD: 12.681249999999999V
2020-12-15 05:04:11,603 - DEBUG - V=12.6737,I=0.0537,
2020-12-15 05:04:11,605 - WARNING - Voltage GOOD: 12.673749999999998V
2020-12-15 05:34:12,623 - DEBUG - V=12.6675,I=0.0500,
2020-12-15 05:34:12,625 - WARNING - Voltage GOOD: 12.6675V
2020-12-15 06:04:13,730 - DEBUG - V=12.6612,I=0.0562,
2020-12-15 06:04:13,732 - WARNING - Voltage GOOD: 12.661249999999999V
2020-12-15 06:34:14,837 - DEBUG - V=12.6562,I=0.0500,
2020-12-15 06:34:14,839 - WARNING - Voltage GOOD: 12.65625V
2020-12-15 07:04:15,863 - DEBUG - V=12.6487,I=0.0562,
2020-12-15 07:04:15,865 - WARNING - Voltage GOOD: 12.64875V
2020-12-15 07:34:16,873 - DEBUG - V=12.6450,I=0.0562,
2020-12-15 07:34:16,875 - WARNING - Voltage GOOD: 12.645V
2020-12-15 08:04:17,980 - DEBUG - V=12.6412,I=0.0587,
2020-12-15 08:04:17,982 - WARNING - Voltage GOOD: 12.64125V
2020-12-15 08:34:19,087 - DEBUG - V=12.6400,I=0.0500,
2020-12-15 08:34:19,089 - WARNING - Voltage GOOD: 12.64V
2020-12-15 08:45:58,569 - INFO - SMS Received
2020-12-15 08:46:01,992 - INFO - Number of Texts Received: 1
2020-12-15 08:46:05,498 - INFO - ID Found
2020-12-15 08:46:05,500 - INFO - Status Requested
2020-12-15 08:46:05,504 - DEBUG - V=12.5925,I=0.1350,
2020-12-15 09:04:20,124 - DEBUG - V=12.6388,I=0.0513,
2020-12-15 09:04:20,126 - WARNING - Voltage GOOD: 12.638750000000002V
2020-12-15 09:34:21,231 - DEBUG - V=12.6388,I=0.0537,
2020-12-15 09:34:21,233 - WARNING - Voltage GOOD: 12.638750000000002V
2020-12-15 10:04:22,253 - DEBUG - V=12.6375,I=0.0513,
2020-12-15 10:04:22,255 - WARNING - Voltage GOOD: 12.6375V
2020-12-15 10:34:23,360 - DEBUG - V=12.6363,I=0.0513,
2020-12-15 10:34:23,362 - WARNING - Voltage GOOD: 12.63625V
2020-12-15 11:04:24,373 - DEBUG - V=12.6363,I=0.0525,
2020-12-15 11:04:24,375 - WARNING - Voltage GOOD: 12.63625V
2020-12-15 11:34:25,473 - DEBUG - V=12.6350,I=0.0537,
2020-12-15 11:34:25,475 - WARNING - Voltage GOOD: 12.635000000000002V
2020-12-15 12:04:26,513 - DEBUG - V=12.6325,I=0.0562,
2020-12-15 12:04:26,515 - WARNING - Voltage GOOD: 12.6325V
2020-12-15 12:34:27,620 - DEBUG - V=12.6313,I=0.0537,
2020-12-15 12:34:27,622 - WARNING - Voltage GOOD: 12.631250000000001V
2020-12-15 13:04:28,643 - DEBUG - V=12.6288,I=0.0500,
2020-12-15 13:04:28,645 - WARNING - Voltage GOOD: 12.62875V
2020-12-15 13:34:29,750 - DEBUG - V=12.6037,I=0.0850,
2020-12-15 13:34:29,752 - WARNING - Voltage GOOD: 12.60375V
2020-12-15 14:04:30,773 - DEBUG - V=12.6212,I=0.0475,
2020-12-15 14:04:30,775 - WARNING - Voltage GOOD: 12.62125V
2020-12-15 14:34:31,873 - DEBUG - V=12.6175,I=0.0587,
2020-12-15 14:34:31,875 - WARNING - Voltage GOOD: 12.6175V
2020-12-15 15:04:32,903 - DEBUG - V=12.6137,I=0.0513,
2020-12-15 15:04:32,905 - WARNING - Voltage GOOD: 12.61375V
2020-12-15 15:27:02,594 - INFO - SMS Received
2020-12-15 15:27:06,021 - INFO - Number of Texts Received: 1
2020-12-15 15:27:09,528 - INFO - ID Found
2020-12-15 15:27:09,530 - INFO - Status Requested
2020-12-15 15:27:09,533 - DEBUG - V=12.5938,I=0.0800,
2020-12-15 15:34:34,011 - DEBUG - V=12.5838,I=0.0750,
2020-12-15 15:34:34,013 - WARNING - Voltage GOOD: 12.58375V
2020-12-15 16:04:35,033 - DEBUG - V=12.6075,I=0.0562,
2020-12-15 16:04:35,035 - WARNING - Voltage GOOD: 12.6075V
2020-12-15 16:34:36,123 - DEBUG - V=12.6025,I=0.0562,
2020-12-15 16:34:36,125 - WARNING - Voltage GOOD: 12.602500000000001V
2020-12-15 17:04:37,163 - DEBUG - V=12.5962,I=0.0513,
2020-12-15 17:04:37,165 - WARNING - Voltage GOOD: 12.59625V
2020-12-15 17:34:38,270 - DEBUG - V=12.5863,I=0.0638,
2020-12-15 17:34:38,272 - WARNING - Voltage GOOD: 12.586250000000001V
2020-12-15 18:04:39,293 - DEBUG - V=12.5863,I=0.0525,
2020-12-15 18:04:39,295 - WARNING - Voltage GOOD: 12.586250000000001V
2020-12-15 18:34:40,373 - DEBUG - V=12.5788,I=0.0500,
2020-12-15 18:34:40,375 - WARNING - Voltage GOOD: 12.578750000000001V
2020-12-15 19:04:41,423 - DEBUG - V=12.5737,I=0.0488,
2020-12-15 19:04:41,425 - WARNING - Voltage GOOD: 12.573749999999999V
2020-12-15 19:34:42,530 - DEBUG - V=12.5488,I=0.0625,
2020-12-15 19:34:42,532 - WARNING - Voltage GOOD: 12.54875V
2020-12-15 20:04:43,553 - DEBUG - V=12.5525,I=0.0537,
2020-12-15 20:04:43,555 - WARNING - Voltage GOOD: 12.5525V
2020-12-15 20:22:22,510 - INFO - SMS Received
2020-12-15 20:22:25,933 - INFO - Number of Texts Received: 1
2020-12-15 20:22:29,440 - INFO - ID Found
2020-12-15 20:22:29,442 - INFO - Status Requested
2020-12-15 20:22:29,445 - DEBUG - V=12.5250,I=0.0788,
2020-12-15 20:34:44,624 - DEBUG - V=12.5400,I=0.0500,
2020-12-15 20:34:44,626 - WARNING - Voltage GOOD: 12.54V
2020-12-15 21:04:45,683 - DEBUG - V=12.5287,I=0.0525,
2020-12-15 21:04:45,685 - WARNING - Voltage GOOD: 12.528749999999999V
2020-12-15 21:34:46,790 - DEBUG - V=12.5087,I=0.0887,
2020-12-15 21:34:46,792 - WARNING - Voltage GOOD: 12.50875V
2020-12-15 22:04:47,813 - DEBUG - V=12.5113,I=0.0500,
2020-12-15 22:04:47,815 - WARNING - Voltage GOOD: 12.51125V
2020-12-15 22:34:48,873 - DEBUG - V=12.5012,I=0.0587,
2020-12-15 22:34:48,875 - WARNING - Voltage GOOD: 12.501249999999999V
2020-12-15 23:04:49,943 - DEBUG - V=12.4962,I=0.0575,
2020-12-15 23:04:49,945 - WARNING - Voltage GOOD: 12.49625V
2020-12-15 23:34:50,993 - DEBUG - V=12.4887,I=0.0575,
2020-12-15 23:34:50,995 - WARNING - Voltage GOOD: 12.48875V
2020-12-16 00:04:52,073 - DEBUG - V=12.4838,I=0.0525,
2020-12-16 00:04:52,075 - WARNING - Voltage GOOD: 12.48375V
2020-12-16 00:34:53,123 - DEBUG - V=12.4750,I=0.0488,
2020-12-16 00:34:53,125 - WARNING - Voltage GOOD: 12.475000000000001V
2020-12-16 01:04:54,203 - DEBUG - V=12.4688,I=0.0488,
2020-12-16 01:04:54,205 - WARNING - Voltage GOOD: 12.46875V
2020-12-16 01:34:55,310 - DEBUG - V=12.4638,I=0.0562,
2020-12-16 01:34:55,312 - WARNING - Voltage GOOD: 12.463750000000001V
2020-12-16 02:04:56,333 - DEBUG - V=12.4388,I=0.0938,
2020-12-16 02:04:56,335 - WARNING - Voltage GOOD: 12.43875V
2020-12-16 02:34:57,373 - DEBUG - V=12.4500,I=0.0500,
2020-12-16 02:34:57,375 - WARNING - Voltage GOOD: 12.450000000000001V
2020-12-16 03:04:58,463 - DEBUG - V=12.4450,I=0.0488,
2020-12-16 03:04:58,465 - WARNING - Voltage GOOD: 12.445V
2020-12-16 03:34:59,570 - DEBUG - V=12.4400,I=0.0575,
2020-12-16 03:34:59,572 - WARNING - Voltage GOOD: 12.44V
2020-12-16 04:05:00,593 - DEBUG - V=12.4350,I=0.0587,
2020-12-16 04:05:00,595 - WARNING - Voltage GOOD: 12.435V
2020-12-16 04:35:01,623 - DEBUG - V=12.4300,I=0.0513,
2020-12-16 04:35:01,625 - WARNING - Voltage GOOD: 12.430000000000001V
2020-12-16 05:05:02,723 - DEBUG - V=12.4250,I=0.0500,
2020-12-16 05:05:02,725 - WARNING - Voltage GOOD: 12.424999999999999V
2020-12-16 05:35:03,830 - DEBUG - V=12.4225,I=0.0513,
2020-12-16 05:35:03,832 - WARNING - Voltage GOOD: 12.422500000000001V
2020-12-16 06:05:04,853 - DEBUG - V=12.4162,I=0.0513,
2020-12-16 06:05:04,855 - WARNING - Voltage GOOD: 12.41625V
2020-12-16 06:35:05,873 - DEBUG - V=12.4125,I=0.0513,
2020-12-16 06:35:05,875 - WARNING - Voltage GOOD: 12.4125V
2020-12-16 07:05:06,980 - DEBUG - V=12.4062,I=0.0525,
2020-12-16 07:05:06,982 - WARNING - Voltage GOOD: 12.40625V
2020-12-16 07:35:08,087 - DEBUG - V=12.4012,I=0.0537,
2020-12-16 07:35:08,089 - WARNING - Voltage GOOD: 12.40125V
2020-12-16 08:05:09,113 - DEBUG - V=12.3975,I=0.0562,
2020-12-16 08:05:09,115 - WARNING - Voltage GOOD: 12.397499999999999V
2020-12-16 08:35:10,123 - DEBUG - V=12.3950,I=0.0575,
2020-12-16 08:35:10,125 - WARNING - Voltage GOOD: 12.395V
2020-12-16 09:05:11,153 - DEBUG - V=12.3812,I=0.0850,
2020-12-16 09:05:11,155 - WARNING - Voltage GOOD: 12.38125V
2020-12-16 09:35:12,203 - DEBUG - V=12.3912,I=0.0550,
2020-12-16 09:35:12,205 - WARNING - Voltage GOOD: 12.39125V
2020-12-16 10:05:13,310 - DEBUG - V=12.3912,I=0.0475,
2020-12-16 10:05:13,312 - WARNING - Voltage GOOD: 12.39125V
2020-12-16 10:35:14,333 - DEBUG - V=12.3887,I=0.0575,
2020-12-16 10:35:14,335 - WARNING - Voltage GOOD: 12.38875V
2020-12-16 11:05:15,373 - DEBUG - V=12.3863,I=0.0513,
2020-12-16 11:05:15,375 - WARNING - Voltage GOOD: 12.38625V
2020-12-16 11:35:16,463 - DEBUG - V=12.3887,I=0.0575,
2020-12-16 11:35:16,465 - WARNING - Voltage GOOD: 12.38875V
2020-12-16 12:00:31,441 - INFO - SMS Received
2020-12-16 12:00:34,864 - INFO - Number of Texts Received: 1
2020-12-16 12:00:38,370 - INFO - ID Found
2020-12-16 12:00:38,372 - INFO - Status Requested
2020-12-16 12:00:38,376 - DEBUG - V=12.3663,I=0.0775,
2020-12-16 12:05:17,571 - DEBUG - V=12.3863,I=0.0587,
2020-12-16 12:05:17,573 - WARNING - Voltage GOOD: 12.38625V
2020-12-16 12:35:18,593 - DEBUG - V=12.3887,I=0.0575,
2020-12-16 12:35:18,595 - WARNING - Voltage GOOD: 12.38875V
2020-12-16 13:05:19,623 - DEBUG - V=12.3850,I=0.0525,
2020-12-16 13:05:19,625 - WARNING - Voltage GOOD: 12.385V
2020-12-16 13:35:20,723 - DEBUG - V=12.3812,I=0.0525,
2020-12-16 13:35:20,725 - WARNING - Voltage GOOD: 12.38125V
2020-12-16 14:05:21,830 - DEBUG - V=12.3788,I=0.0500,
2020-12-16 14:05:21,832 - WARNING - Voltage GOOD: 12.37875V
2020-12-16 14:35:22,853 - DEBUG - V=12.3750,I=0.0488,
2020-12-16 14:35:22,855 - WARNING - Voltage GOOD: 12.375V
2020-12-16 15:05:23,873 - DEBUG - V=12.3712,I=0.0513,
2020-12-16 15:05:23,875 - WARNING - Voltage GOOD: 12.37125V
2020-12-16 15:35:24,980 - DEBUG - V=12.3675,I=0.0513,
2020-12-16 15:35:24,982 - WARNING - Voltage GOOD: 12.3675V
2020-12-16 16:05:14,545 - INFO - SMS Received
2020-12-16 16:05:17,967 - INFO - Number of Texts Received: 1
2020-12-16 16:05:21,474 - INFO - ID Found
2020-12-16 16:05:21,476 - INFO - wifi on Requested
2020-12-16 16:05:21,507 - INFO - turning wifi on
2020-12-16 16:05:25,991 - DEBUG - V=12.3438,I=0.0850,
2020-12-16 16:05:25,994 - WARNING - Voltage GOOD: 12.34375V
