2020-12-18 13:13:35,924 - INFO - Log file has been created: logs/18-12-2020_13-13-35.log
2020-12-18 13:13:35,926 - INFO - Initialise and reset INA260 chip
2020-12-18 13:13:36,029 - INFO - Loading settings
2020-12-18 13:13:36,036 - INFO - ID loaded: 0001
2020-12-18 13:13:36,037 - INFO - NUM loaded: +61448182742
2020-12-18 13:13:36,156 - INFO - Warmup has been completed
2020-12-18 13:13:36,158 - INFO - LED light :)
2020-12-18 13:13:38,165 - DEBUG - V=11.9037,I=0.0887,
2020-12-18 13:13:38,167 - WARNING - Voltage GOOD: 11.903749999999999V
2020-12-18 13:13:38,168 - WARNING - Voltage UNKNOWN: 11.903749999999999V
2020-12-18 13:43:38,262 - INFO - LED light :)
2020-12-18 13:43:40,268 - DEBUG - V=11.9138,I=0.0600,
2020-12-18 13:43:40,270 - WARNING - Voltage GOOD: 11.91375V
2020-12-18 13:43:40,272 - WARNING - Voltage UNKNOWN: 11.91375V
2020-12-18 14:13:40,349 - INFO - LED light :)
2020-12-18 14:13:42,355 - DEBUG - V=11.9062,I=0.0600,
2020-12-18 14:13:42,357 - WARNING - Voltage GOOD: 11.90625V
2020-12-18 14:13:42,359 - WARNING - Voltage UNKNOWN: 11.90625V
2020-12-18 14:43:42,452 - INFO - LED light :)
2020-12-18 14:43:44,459 - DEBUG - V=11.8925,I=0.0737,
2020-12-18 14:43:44,461 - WARNING - Voltage GOOD: 11.892499999999998V
2020-12-18 14:43:44,462 - WARNING - Voltage UNKNOWN: 11.892499999999998V
2020-12-18 15:13:44,550 - INFO - LED light :)
2020-12-18 15:13:46,556 - DEBUG - V=11.8912,I=0.0612,
2020-12-18 15:13:46,558 - WARNING - Voltage GOOD: 11.89125V
2020-12-18 15:13:46,560 - WARNING - Voltage UNKNOWN: 11.89125V
2020-12-18 15:43:46,654 - INFO - LED light :)
2020-12-18 15:43:48,660 - DEBUG - V=11.8800,I=0.0600,
2020-12-18 15:43:48,662 - WARNING - Voltage GOOD: 11.879999999999999V
2020-12-18 15:43:48,664 - WARNING - Voltage UNKNOWN: 11.879999999999999V
2020-12-18 16:07:28,056 - INFO - SMS Received
2020-12-18 16:07:28,259 - INFO - LED light :)
2020-12-18 16:07:33,485 - INFO - Number of Texts Received: 1
2020-12-18 16:13:48,733 - INFO - LED light :)
2020-12-18 16:13:50,740 - DEBUG - V=11.8687,I=0.0800,
2020-12-18 16:13:50,742 - WARNING - Voltage GOOD: 11.868749999999999V
2020-12-18 16:13:50,743 - WARNING - Voltage UNKNOWN: 11.868749999999999V
2020-12-18 16:43:50,835 - INFO - LED light :)
2020-12-18 16:43:52,841 - DEBUG - V=11.8650,I=0.0725,
2020-12-18 16:43:52,843 - WARNING - Voltage GOOD: 11.865000000000002V
2020-12-18 16:43:52,845 - WARNING - Voltage UNKNOWN: 11.865000000000002V
2020-12-18 17:13:52,936 - INFO - LED light :)
2020-12-18 17:13:54,942 - DEBUG - V=11.8475,I=0.0850,
2020-12-18 17:13:54,944 - WARNING - Voltage GOOD: 11.8475V
2020-12-18 17:13:54,946 - WARNING - Voltage UNKNOWN: 11.8475V
2020-12-18 17:43:55,006 - INFO - LED light :)
2020-12-18 17:43:57,013 - DEBUG - V=11.8425,I=0.0675,
2020-12-18 17:43:57,015 - WARNING - Voltage GOOD: 11.842500000000001V
2020-12-18 17:43:57,016 - WARNING - Voltage UNKNOWN: 11.842500000000001V
2020-12-18 18:13:57,106 - INFO - LED light :)
2020-12-18 18:13:59,113 - DEBUG - V=11.8350,I=0.0688,
2020-12-18 18:13:59,114 - WARNING - Voltage GOOD: 11.835V
2020-12-18 18:13:59,116 - WARNING - Voltage UNKNOWN: 11.835V
2020-12-18 18:43:59,201 - INFO - LED light :)
2020-12-18 18:44:01,208 - DEBUG - V=11.8200,I=0.0875,
2020-12-18 18:44:01,209 - WARNING - Voltage GOOD: 11.82V
2020-12-18 18:44:01,211 - WARNING - Voltage UNKNOWN: 11.82V
2020-12-18 19:14:01,251 - INFO - LED light :)
2020-12-18 19:14:03,258 - DEBUG - V=11.8200,I=0.0600,
2020-12-18 19:14:03,260 - WARNING - Voltage GOOD: 11.82V
2020-12-18 19:14:03,261 - WARNING - Voltage UNKNOWN: 11.82V
2020-12-18 19:44:03,352 - INFO - LED light :)
2020-12-18 19:44:05,358 - DEBUG - V=11.8075,I=0.0638,
2020-12-18 19:44:05,360 - WARNING - Voltage GOOD: 11.8075V
2020-12-18 19:44:05,362 - WARNING - Voltage UNKNOWN: 11.8075V
2020-12-18 20:14:05,446 - INFO - LED light :)
2020-12-18 20:14:07,453 - DEBUG - V=11.7938,I=0.0750,
2020-12-18 20:14:07,455 - WARNING - Voltage GOOD: 11.793750000000001V
2020-12-18 20:14:07,456 - WARNING - Voltage UNKNOWN: 11.793750000000001V
2020-12-18 20:44:07,549 - INFO - LED light :)
2020-12-18 20:44:09,555 - DEBUG - V=11.7875,I=0.0762,
2020-12-18 20:44:09,557 - WARNING - Voltage GOOD: 11.7875V
2020-12-18 20:44:09,559 - WARNING - Voltage UNKNOWN: 11.7875V
2020-12-18 21:14:09,634 - INFO - LED light :)
2020-12-18 21:14:11,640 - DEBUG - V=11.7850,I=0.0737,
2020-12-18 21:14:11,642 - WARNING - Voltage GOOD: 11.785V
2020-12-18 21:14:11,644 - WARNING - Voltage UNKNOWN: 11.785V
2020-12-18 21:44:11,730 - INFO - LED light :)
2020-12-18 21:44:13,737 - DEBUG - V=11.7762,I=0.0638,
2020-12-18 21:44:13,739 - WARNING - Voltage GOOD: 11.77625V
2020-12-18 21:44:13,740 - WARNING - Voltage UNKNOWN: 11.77625V
2020-12-18 22:14:13,833 - INFO - LED light :)
2020-12-18 22:14:15,839 - DEBUG - V=11.7687,I=0.0688,
2020-12-18 22:14:15,841 - WARNING - Voltage GOOD: 11.768749999999999V
2020-12-18 22:14:15,843 - WARNING - Voltage UNKNOWN: 11.768749999999999V
2020-12-18 22:44:15,931 - INFO - LED light :)
2020-12-18 22:44:17,938 - DEBUG - V=11.7538,I=0.0875,
2020-12-18 22:44:17,939 - WARNING - Voltage GOOD: 11.75375V
2020-12-18 22:44:17,941 - WARNING - Voltage UNKNOWN: 11.75375V
2020-12-18 23:14:18,031 - INFO - LED light :)
2020-12-18 23:14:20,038 - DEBUG - V=11.7512,I=0.0612,
2020-12-18 23:14:20,039 - WARNING - Voltage GOOD: 11.751249999999999V
2020-12-18 23:14:20,041 - WARNING - Voltage UNKNOWN: 11.751249999999999V
2020-12-18 23:44:20,131 - INFO - LED light :)
2020-12-18 23:44:22,137 - DEBUG - V=11.7413,I=0.0762,
2020-12-18 23:44:22,139 - WARNING - Voltage GOOD: 11.74125V
2020-12-18 23:44:22,140 - WARNING - Voltage UNKNOWN: 11.74125V
2020-12-19 00:14:22,225 - INFO - LED light :)
2020-12-19 00:14:24,232 - DEBUG - V=11.7413,I=0.0737,
2020-12-19 00:14:24,234 - WARNING - Voltage GOOD: 11.74125V
2020-12-19 00:14:24,235 - WARNING - Voltage UNKNOWN: 11.74125V
2020-12-19 00:44:24,322 - INFO - LED light :)
2020-12-19 00:44:26,329 - DEBUG - V=11.7263,I=0.0737,
2020-12-19 00:44:26,331 - WARNING - Voltage GOOD: 11.72625V
2020-12-19 00:44:26,332 - WARNING - Voltage UNKNOWN: 11.72625V
2020-12-19 01:14:26,424 - INFO - LED light :)
2020-12-19 01:14:28,431 - DEBUG - V=11.7263,I=0.0625,
2020-12-19 01:14:28,433 - WARNING - Voltage GOOD: 11.72625V
2020-12-19 01:14:28,434 - WARNING - Voltage UNKNOWN: 11.72625V
2020-12-19 01:18:02,664 - INFO - SMS Received
2020-12-19 01:18:02,866 - INFO - LED light :)
2020-12-19 01:18:08,090 - INFO - Number of Texts Received: 1
2020-12-19 01:18:08,092 - INFO - LED light :)
2020-12-19 01:18:09,097 - INFO - ID Found
2020-12-19 01:18:09,098 - INFO - Status Requested
2020-12-19 01:18:09,102 - DEBUG - V=11.6950,I=0.1075,
2020-12-19 01:25:26,202 - INFO - LED light :)
2020-12-19 01:25:28,209 - DEBUG - V=11.7200,I=0.0725,
2020-12-19 01:25:28,211 - WARNING - Voltage GOOD: 11.719999999999999V
2020-12-19 01:25:28,213 - WARNING - Voltage UNKNOWN: 11.719999999999999V
2020-12-19 01:25:28,215 - INFO - LED light :)
2020-12-19 01:25:30,221 - DEBUG - V=11.7138,I=0.0863,
2020-12-19 01:25:30,223 - WARNING - Voltage GOOD: 11.713750000000001V
2020-12-19 01:25:30,224 - WARNING - Voltage UNKNOWN: 11.713750000000001V
2020-12-19 01:55:30,291 - INFO - LED light :)
2020-12-19 01:55:32,297 - DEBUG - V=11.7125,I=0.0625,
2020-12-19 01:55:32,299 - WARNING - Voltage GOOD: 11.712499999999999V
2020-12-19 01:55:32,301 - WARNING - Voltage UNKNOWN: 11.712499999999999V
