2020-12-21 22:59:33,681 - INFO - Log file has been created: logs/21-12-2020_22-59-33.log
2020-12-21 22:59:33,683 - INFO - Initialise and reset INA260 chip
2020-12-21 22:59:33,787 - INFO - Loading settings
2020-12-21 22:59:33,793 - INFO - ID loaded: 0001
2020-12-21 22:59:33,795 - INFO - NUM loaded: +61448182742
2020-12-21 22:59:33,944 - INFO - Warmup has been completed
2020-12-21 22:59:33,946 - INFO - LED light :)
2020-12-21 22:59:35,953 - DEBUG - V=12.0938,I=0.0762,
2020-12-21 22:59:35,954 - WARNING - Voltage GOOD: 12.09375V
2020-12-21 22:59:35,956 - WARNING - Voltage UNKNOWN: 12.09375V
2020-12-21 23:02:26,124 - INFO - LED light :)
2020-12-21 23:02:28,130 - DEBUG - V=12.1025,I=0.0600,
2020-12-21 23:02:28,132 - WARNING - Voltage GOOD: 12.102500000000001V
2020-12-21 23:02:28,134 - WARNING - Voltage UNKNOWN: 12.102500000000001V
2020-12-21 23:02:28,135 - INFO - Button active: True
2020-12-21 23:02:29,138 - INFO - LED light :)
2020-12-21 23:02:31,144 - DEBUG - V=12.0938,I=0.0788,
2020-12-21 23:02:31,151 - WARNING - Voltage GOOD: 12.09375V
2020-12-21 23:02:31,153 - WARNING - Voltage UNKNOWN: 12.09375V
2020-12-21 23:02:31,155 - INFO - Button active: True
2020-12-21 23:02:32,157 - INFO - LED light :)
2020-12-21 23:02:34,164 - DEBUG - V=12.0975,I=0.0838,
2020-12-21 23:02:34,166 - WARNING - Voltage GOOD: 12.0975V
2020-12-21 23:02:34,167 - WARNING - Voltage UNKNOWN: 12.0975V
2020-12-21 23:02:34,169 - INFO - Button active: True
2020-12-21 23:02:35,172 - INFO - LED light :)
2020-12-21 23:02:37,178 - DEBUG - V=12.0988,I=0.0713,
2020-12-21 23:02:37,185 - WARNING - Voltage GOOD: 12.09875V
2020-12-21 23:02:37,187 - WARNING - Voltage UNKNOWN: 12.09875V
2020-12-21 23:02:37,188 - INFO - Button active: True
2020-12-21 23:02:37,885 - INFO - SMS Received
2020-12-21 23:02:38,088 - INFO - LED light :)
2020-12-21 23:02:38,191 - INFO - LED light :)
2020-12-21 23:02:40,197 - DEBUG - V=12.0975,I=0.0700,
2020-12-21 23:02:40,199 - WARNING - Voltage GOOD: 12.0975V
2020-12-21 23:02:40,201 - WARNING - Voltage UNKNOWN: 12.0975V
2020-12-21 23:02:40,203 - INFO - Button active: True
2020-12-21 23:02:41,205 - INFO - LED light :)
2020-12-21 23:02:43,212 - DEBUG - V=12.0862,I=0.0963,
2020-12-21 23:02:43,214 - WARNING - Voltage GOOD: 12.08625V
2020-12-21 23:02:43,215 - WARNING - Voltage UNKNOWN: 12.08625V
2020-12-21 23:02:43,217 - INFO - Button active: True
2020-12-21 23:02:43,314 - INFO - Number of Texts Received: 1
2020-12-21 23:02:43,315 - INFO - LED light :)
2020-12-21 23:02:44,219 - INFO - LED light :)
2020-12-21 23:02:44,321 - INFO - ID Found
2020-12-21 23:02:44,323 - INFO - Status Requested
2020-12-21 23:02:44,327 - DEBUG - V=12.0787,I=0.1063,
2020-12-21 23:02:46,225 - DEBUG - V=12.0887,I=0.0850,
2020-12-21 23:02:46,227 - WARNING - Voltage GOOD: 12.08875V
2020-12-21 23:02:46,229 - WARNING - Voltage UNKNOWN: 12.08875V
2020-12-21 23:02:46,230 - INFO - Button active: True
2020-12-21 23:02:47,234 - INFO - LED light :)
2020-12-21 23:02:49,240 - DEBUG - V=12.0938,I=0.0750,
2020-12-21 23:02:49,248 - WARNING - Voltage GOOD: 12.09375V
2020-12-21 23:02:49,250 - WARNING - Voltage UNKNOWN: 12.09375V
2020-12-21 23:02:49,252 - INFO - Button active: True
2020-12-21 23:02:50,254 - INFO - LED light :)
2020-12-21 23:02:52,261 - DEBUG - V=12.0900,I=0.0813,
2020-12-21 23:02:52,262 - WARNING - Voltage GOOD: 12.09V
2020-12-21 23:02:52,264 - WARNING - Voltage UNKNOWN: 12.09V
2020-12-21 23:02:52,266 - INFO - Button active: True
2020-12-21 23:02:53,268 - INFO - LED light :)
2020-12-21 23:02:55,275 - DEBUG - V=12.0988,I=0.0638,
2020-12-21 23:02:55,276 - WARNING - Voltage GOOD: 12.09875V
2020-12-21 23:02:55,278 - WARNING - Voltage UNKNOWN: 12.09875V
2020-12-21 23:02:55,279 - INFO - Button active: True
2020-12-21 23:02:56,282 - INFO - LED light :)
2020-12-21 23:02:58,288 - DEBUG - V=12.0925,I=0.0713,
2020-12-21 23:02:58,290 - WARNING - Voltage GOOD: 12.0925V
2020-12-21 23:02:58,292 - WARNING - Voltage UNKNOWN: 12.0925V
2020-12-21 23:03:38,334 - INFO - LED light :)
2020-12-21 23:03:40,340 - DEBUG - V=12.0975,I=0.0713,
2020-12-21 23:03:40,342 - WARNING - Voltage GOOD: 12.0975V
2020-12-21 23:03:40,344 - WARNING - Voltage UNKNOWN: 12.0975V
2020-12-21 23:03:40,346 - INFO - Button active: True
2020-12-21 23:03:41,348 - INFO - LED light :)
2020-12-21 23:03:43,355 - DEBUG - V=12.1012,I=0.0675,
2020-12-21 23:03:43,361 - WARNING - Voltage GOOD: 12.101249999999999V
2020-12-21 23:03:43,363 - WARNING - Voltage UNKNOWN: 12.101249999999999V
2020-12-21 23:03:43,365 - INFO - Button active: True
2020-12-21 23:03:44,368 - INFO - LED light :)
2020-12-21 23:03:46,374 - DEBUG - V=12.0675,I=0.1463,
2020-12-21 23:03:46,376 - WARNING - Voltage GOOD: 12.067499999999999V
2020-12-21 23:03:46,377 - WARNING - Voltage UNKNOWN: 12.067499999999999V
2020-12-21 23:03:46,379 - INFO - Button active: True
2020-12-21 23:03:46,384 - INFO - SMS Received
2020-12-21 23:03:46,586 - INFO - LED light :)
2020-12-21 23:03:47,381 - INFO - LED light :)
2020-12-21 23:03:49,388 - DEBUG - V=12.0887,I=0.0800,
2020-12-21 23:03:49,389 - WARNING - Voltage GOOD: 12.08875V
2020-12-21 23:03:49,391 - WARNING - Voltage UNKNOWN: 12.08875V
2020-12-21 23:03:49,393 - INFO - Button active: True
2020-12-21 23:03:50,395 - INFO - LED light :)
2020-12-21 23:03:51,810 - INFO - Number of Texts Received: 1
2020-12-21 23:03:51,812 - INFO - LED light :)
2020-12-21 23:03:52,402 - DEBUG - V=12.0862,I=0.0863,
2020-12-21 23:03:52,404 - WARNING - Voltage GOOD: 12.08625V
2020-12-21 23:03:52,405 - WARNING - Voltage UNKNOWN: 12.08625V
2020-12-21 23:03:52,407 - INFO - Button active: True
2020-12-21 23:03:52,816 - INFO - ID Found
2020-12-21 23:03:52,818 - INFO - wifi off Requested
2020-12-21 23:03:52,848 - INFO - turning wifi off
2020-12-21 23:03:53,410 - INFO - LED light :)
2020-12-21 23:03:55,416 - DEBUG - V=12.0862,I=0.0963,
2020-12-21 23:03:55,418 - WARNING - Voltage GOOD: 12.08625V
2020-12-21 23:03:55,420 - WARNING - Voltage UNKNOWN: 12.08625V
2020-12-21 23:03:55,422 - INFO - Button active: True
2020-12-21 23:03:56,425 - INFO - LED light :)
2020-12-21 23:03:58,431 - DEBUG - V=12.0962,I=0.0700,
2020-12-21 23:03:58,433 - WARNING - Voltage GOOD: 12.09625V
2020-12-21 23:03:58,434 - WARNING - Voltage UNKNOWN: 12.09625V
2020-12-21 23:03:58,436 - INFO - Button active: True
2020-12-21 23:03:59,439 - INFO - LED light :)
2020-12-21 23:04:01,445 - DEBUG - V=12.0700,I=0.1325,
2020-12-21 23:04:01,446 - WARNING - Voltage GOOD: 12.07V
2020-12-21 23:04:01,448 - WARNING - Voltage UNKNOWN: 12.07V
2020-12-21 23:04:01,450 - INFO - Button active: True
2020-12-21 23:04:02,452 - INFO - LED light :)
2020-12-21 23:04:04,459 - DEBUG - V=12.0950,I=0.0612,
2020-12-21 23:04:04,460 - WARNING - Voltage GOOD: 12.095V
2020-12-21 23:04:04,462 - WARNING - Voltage UNKNOWN: 12.095V
2020-12-21 23:34:06,262 - INFO - LED light :)
2020-12-21 23:34:08,269 - DEBUG - V=12.0950,I=0.0750,
2020-12-21 23:34:08,270 - WARNING - Voltage GOOD: 12.095V
2020-12-21 23:34:08,272 - WARNING - Voltage UNKNOWN: 12.095V
2020-12-22 00:04:10,063 - INFO - LED light :)
2020-12-22 00:04:12,070 - DEBUG - V=12.0850,I=0.0625,
2020-12-22 00:04:12,071 - WARNING - Voltage GOOD: 12.084999999999999V
2020-12-22 00:04:12,073 - WARNING - Voltage UNKNOWN: 12.084999999999999V
2020-12-22 00:34:13,874 - INFO - LED light :)
2020-12-22 00:34:15,881 - DEBUG - V=12.0738,I=0.0713,
2020-12-22 00:34:15,882 - WARNING - Voltage GOOD: 12.07375V
2020-12-22 00:34:15,884 - WARNING - Voltage UNKNOWN: 12.07375V
2020-12-22 01:04:17,682 - INFO - LED light :)
2020-12-22 01:04:19,689 - DEBUG - V=12.0612,I=0.0688,
2020-12-22 01:04:19,690 - WARNING - Voltage GOOD: 12.06125V
2020-12-22 01:04:19,692 - WARNING - Voltage UNKNOWN: 12.06125V
2020-12-22 01:34:21,492 - INFO - LED light :)
2020-12-22 01:34:23,498 - DEBUG - V=12.0487,I=0.0713,
2020-12-22 01:34:23,500 - WARNING - Voltage GOOD: 12.048749999999998V
2020-12-22 01:34:23,502 - WARNING - Voltage UNKNOWN: 12.048749999999998V
2020-12-22 02:04:25,303 - INFO - LED light :)
2020-12-22 02:04:27,309 - DEBUG - V=12.0400,I=0.0587,
2020-12-22 02:04:27,311 - WARNING - Voltage GOOD: 12.04V
2020-12-22 02:04:27,313 - WARNING - Voltage UNKNOWN: 12.04V
2020-12-22 02:34:29,114 - INFO - LED light :)
2020-12-22 02:34:31,120 - DEBUG - V=12.0300,I=0.0663,
2020-12-22 02:34:31,122 - WARNING - Voltage GOOD: 12.030000000000001V
2020-12-22 02:34:31,124 - WARNING - Voltage UNKNOWN: 12.030000000000001V
2020-12-22 03:04:32,922 - INFO - LED light :)
2020-12-22 03:04:34,928 - DEBUG - V=12.0188,I=0.0675,
2020-12-22 03:04:34,930 - WARNING - Voltage GOOD: 12.01875V
2020-12-22 03:04:34,932 - WARNING - Voltage UNKNOWN: 12.01875V
2020-12-22 03:34:36,732 - INFO - LED light :)
2020-12-22 03:34:38,738 - DEBUG - V=12.0087,I=0.0688,
2020-12-22 03:34:38,740 - WARNING - Voltage GOOD: 12.00875V
2020-12-22 03:34:38,741 - WARNING - Voltage UNKNOWN: 12.00875V
2020-12-22 04:04:40,543 - INFO - LED light :)
2020-12-22 04:04:42,549 - DEBUG - V=11.9988,I=0.0650,
2020-12-22 04:04:42,551 - WARNING - Voltage GOOD: 11.998750000000001V
2020-12-22 04:04:42,553 - WARNING - Voltage UNKNOWN: 11.998750000000001V
2020-12-22 04:34:44,352 - INFO - LED light :)
2020-12-22 04:34:46,359 - DEBUG - V=11.9850,I=0.0625,
2020-12-22 04:34:46,360 - WARNING - Voltage GOOD: 11.985V
2020-12-22 04:34:46,362 - WARNING - Voltage UNKNOWN: 11.985V
2020-12-22 05:04:48,165 - INFO - LED light :)
2020-12-22 05:04:50,171 - DEBUG - V=11.9763,I=0.0625,
2020-12-22 05:04:50,173 - WARNING - Voltage GOOD: 11.97625V
2020-12-22 05:04:50,175 - WARNING - Voltage UNKNOWN: 11.97625V
2020-12-22 05:34:51,976 - INFO - LED light :)
2020-12-22 05:34:53,982 - DEBUG - V=11.9688,I=0.0700,
2020-12-22 05:34:53,984 - WARNING - Voltage GOOD: 11.96875V
2020-12-22 05:34:53,985 - WARNING - Voltage UNKNOWN: 11.96875V
2020-12-22 06:04:55,782 - INFO - LED light :)
2020-12-22 06:04:57,789 - DEBUG - V=11.9575,I=0.0663,
2020-12-22 06:04:57,790 - WARNING - Voltage GOOD: 11.957500000000001V
2020-12-22 06:04:57,792 - WARNING - Voltage UNKNOWN: 11.957500000000001V
2020-12-22 06:34:59,592 - INFO - LED light :)
2020-12-22 06:35:01,598 - DEBUG - V=11.9550,I=0.0550,
2020-12-22 06:35:01,600 - WARNING - Voltage GOOD: 11.955V
2020-12-22 06:35:01,602 - WARNING - Voltage UNKNOWN: 11.955V
2020-12-22 07:05:03,405 - INFO - LED light :)
2020-12-22 07:05:05,411 - DEBUG - V=11.9575,I=0.0425,
2020-12-22 07:05:05,413 - WARNING - Voltage GOOD: 11.957500000000001V
2020-12-22 07:05:05,415 - WARNING - Voltage UNKNOWN: 11.957500000000001V
2020-12-22 07:35:07,216 - INFO - LED light :)
2020-12-22 07:35:09,222 - DEBUG - V=11.9550,I=0.0413,
2020-12-22 07:35:09,224 - WARNING - Voltage GOOD: 11.955V
2020-12-22 07:35:09,225 - WARNING - Voltage UNKNOWN: 11.955V
2020-12-22 08:05:11,022 - INFO - LED light :)
2020-12-22 08:05:13,029 - DEBUG - V=11.9825,I=0.0550,
2020-12-22 08:05:13,030 - WARNING - Voltage GOOD: 11.9825V
2020-12-22 08:05:13,032 - WARNING - Voltage UNKNOWN: 11.9825V
2020-12-22 08:35:14,834 - INFO - LED light :)
2020-12-22 08:35:16,840 - DEBUG - V=12.0162,I=0.0075,
2020-12-22 08:35:16,842 - WARNING - Voltage GOOD: 12.01625V
2020-12-22 08:35:16,843 - WARNING - Voltage UNKNOWN: 12.01625V
2020-12-22 09:05:18,645 - INFO - LED light :)
2020-12-22 09:05:20,651 - DEBUG - V=12.0475,I=-0.0137,
2020-12-22 09:05:20,653 - WARNING - Voltage GOOD: 12.0475V
2020-12-22 09:05:20,654 - WARNING - Voltage UNKNOWN: 12.0475V
2020-12-22 09:35:22,456 - INFO - LED light :)
2020-12-22 09:35:24,462 - DEBUG - V=12.0150,I=0.0088,
2020-12-22 09:35:24,464 - WARNING - Voltage GOOD: 12.015V
2020-12-22 09:35:24,465 - WARNING - Voltage UNKNOWN: 12.015V
2020-12-22 10:05:26,262 - INFO - LED light :)
2020-12-22 10:05:28,268 - DEBUG - V=12.0250,I=0.0200,
2020-12-22 10:05:28,270 - WARNING - Voltage GOOD: 12.024999999999999V
2020-12-22 10:05:28,272 - WARNING - Voltage UNKNOWN: 12.024999999999999V
2020-12-22 10:35:30,073 - INFO - LED light :)
2020-12-22 10:35:32,080 - DEBUG - V=12.0437,I=-0.0050,
2020-12-22 10:35:32,082 - WARNING - Voltage GOOD: 12.04375V
2020-12-22 10:35:32,083 - WARNING - Voltage UNKNOWN: 12.04375V
2020-12-22 11:05:33,882 - INFO - LED light :)
2020-12-22 11:05:35,889 - DEBUG - V=12.0712,I=0.0150,
2020-12-22 11:05:35,891 - WARNING - Voltage GOOD: 12.07125V
2020-12-22 11:05:35,892 - WARNING - Voltage UNKNOWN: 12.07125V
2020-12-22 11:35:37,692 - INFO - LED light :)
2020-12-22 11:35:39,699 - DEBUG - V=12.0263,I=0.0088,
2020-12-22 11:35:39,700 - WARNING - Voltage GOOD: 12.026250000000001V
2020-12-22 11:35:39,702 - WARNING - Voltage UNKNOWN: 12.026250000000001V
2020-12-22 12:05:41,502 - INFO - LED light :)
2020-12-22 12:05:43,509 - DEBUG - V=12.2338,I=-0.1700,
2020-12-22 12:05:43,510 - WARNING - Voltage GOOD: 12.23375V
2020-12-22 12:05:43,512 - WARNING - Voltage UNKNOWN: 12.23375V
2020-12-22 12:35:45,312 - INFO - LED light :)
2020-12-22 12:35:47,319 - DEBUG - V=12.4175,I=-0.1975,
2020-12-22 12:35:47,320 - WARNING - Voltage GOOD: 12.417499999999999V
2020-12-22 12:35:47,322 - WARNING - Voltage UNKNOWN: 12.417499999999999V
2020-12-22 13:05:49,124 - INFO - LED light :)
2020-12-22 13:05:51,131 - DEBUG - V=12.4713,I=-0.2413,
2020-12-22 13:05:51,132 - WARNING - Voltage GOOD: 12.471250000000001V
2020-12-22 13:05:51,134 - WARNING - Voltage UNKNOWN: 12.471250000000001V
2020-12-22 13:35:52,932 - INFO - LED light :)
2020-12-22 13:35:54,938 - DEBUG - V=12.5263,I=-0.3137,
2020-12-22 13:35:54,940 - WARNING - Voltage GOOD: 12.526250000000001V
2020-12-22 13:36:00,907 - WARNING - Voltage UNKNOWN: 12.526250000000001V
2020-12-22 14:06:02,706 - INFO - LED light :)
2020-12-22 14:06:04,712 - DEBUG - V=12.5775,I=-0.2937,
2020-12-22 14:06:04,714 - WARNING - Voltage GOOD: 12.577499999999999V
2020-12-22 14:06:04,715 - WARNING - Voltage UNKNOWN: 12.577499999999999V
2020-12-22 14:36:06,512 - INFO - LED light :)
2020-12-22 14:36:08,519 - DEBUG - V=12.6275,I=-0.2700,
2020-12-22 14:36:08,520 - WARNING - Voltage GOOD: 12.627500000000001V
2020-12-22 14:36:08,522 - WARNING - Voltage UNKNOWN: 12.627500000000001V
2020-12-22 15:06:10,323 - INFO - LED light :)
2020-12-22 15:06:12,330 - DEBUG - V=12.4413,I=-0.0638,
2020-12-22 15:06:12,332 - WARNING - Voltage GOOD: 12.44125V
2020-12-22 15:06:12,333 - WARNING - Voltage UNKNOWN: 12.44125V
2020-12-22 15:36:14,132 - INFO - LED light :)
2020-12-22 15:36:16,139 - DEBUG - V=12.5012,I=-0.0475,
2020-12-22 15:36:16,140 - WARNING - Voltage GOOD: 12.501249999999999V
2020-12-22 15:36:16,142 - WARNING - Voltage UNKNOWN: 12.501249999999999V
2020-12-22 16:06:17,945 - INFO - LED light :)
2020-12-22 16:06:19,951 - DEBUG - V=12.7600,I=-0.3387,
2020-12-22 16:06:19,953 - WARNING - Voltage GOOD: 12.76V
2020-12-22 16:06:19,954 - WARNING - Voltage UNKNOWN: 12.76V
2020-12-22 16:36:21,752 - INFO - LED light :)
2020-12-22 16:36:23,759 - DEBUG - V=12.7175,I=-0.3787,
2020-12-22 16:36:23,760 - WARNING - Voltage GOOD: 12.7175V
2020-12-22 16:36:23,762 - WARNING - Voltage UNKNOWN: 12.7175V
2020-12-22 16:48:24,482 - INFO - LED light :)
2020-12-22 16:48:26,488 - DEBUG - V=12.4850,I=0.0813,
2020-12-22 16:48:26,490 - WARNING - Voltage GOOD: 12.485V
2020-12-22 16:48:26,492 - WARNING - Voltage UNKNOWN: 12.485V
2020-12-22 16:48:26,493 - INFO - Button active: True
2020-12-22 16:48:27,496 - INFO - LED light :)
2020-12-22 16:48:29,502 - DEBUG - V=12.4713,I=0.0988,
2020-12-22 16:48:29,508 - WARNING - Voltage GOOD: 12.471250000000001V
2020-12-22 16:48:29,511 - WARNING - Voltage UNKNOWN: 12.471250000000001V
2020-12-22 16:48:29,512 - INFO - Button active: True
2020-12-22 16:48:30,515 - INFO - LED light :)
2020-12-22 16:48:32,521 - DEBUG - V=12.4775,I=0.0700,
2020-12-22 16:48:32,523 - WARNING - Voltage GOOD: 12.4775V
2020-12-22 16:48:32,525 - WARNING - Voltage UNKNOWN: 12.4775V
2020-12-22 16:48:32,526 - INFO - Button active: True
2020-12-22 16:48:33,529 - INFO - LED light :)
2020-12-22 16:48:35,535 - DEBUG - V=12.4725,I=0.0700,
2020-12-22 16:48:35,537 - WARNING - Voltage GOOD: 12.4725V
2020-12-22 16:48:35,538 - WARNING - Voltage UNKNOWN: 12.4725V
2020-12-22 16:48:35,540 - INFO - Button active: True
2020-12-22 16:48:36,543 - INFO - LED light :)
2020-12-22 16:48:38,549 - DEBUG - V=12.4700,I=0.0713,
2020-12-22 16:48:38,551 - WARNING - Voltage GOOD: 12.47V
2020-12-22 16:48:38,552 - WARNING - Voltage UNKNOWN: 12.47V
2020-12-22 16:48:38,554 - INFO - Button active: True
2020-12-22 16:48:39,557 - INFO - LED light :)
2020-12-22 16:48:41,563 - DEBUG - V=12.4675,I=0.0762,
2020-12-22 16:48:41,565 - WARNING - Voltage GOOD: 12.467500000000001V
2020-12-22 16:48:41,566 - WARNING - Voltage UNKNOWN: 12.467500000000001V
2020-12-22 16:48:41,568 - INFO - Button active: True
2020-12-22 16:48:42,571 - INFO - LED light :)
2020-12-22 16:48:44,577 - DEBUG - V=12.4638,I=0.0713,
2020-12-22 16:48:44,579 - WARNING - Voltage GOOD: 12.463750000000001V
2020-12-22 16:48:44,580 - WARNING - Voltage UNKNOWN: 12.463750000000001V
2020-12-22 16:48:44,582 - INFO - Button active: True
2020-12-22 16:48:45,585 - INFO - LED light :)
2020-12-22 16:48:47,591 - DEBUG - V=12.4563,I=0.0713,
2020-12-22 16:48:47,593 - WARNING - Voltage GOOD: 12.45625V
2020-12-22 16:48:47,594 - WARNING - Voltage UNKNOWN: 12.45625V
2020-12-22 16:48:47,596 - INFO - Button active: True
2020-12-22 16:48:48,599 - INFO - LED light :)
2020-12-22 16:48:50,605 - DEBUG - V=12.4563,I=0.0725,
2020-12-22 16:48:50,607 - WARNING - Voltage GOOD: 12.45625V
2020-12-22 16:48:50,608 - WARNING - Voltage UNKNOWN: 12.45625V
2020-12-22 16:48:50,610 - INFO - Button active: True
2020-12-22 16:48:51,612 - INFO - LED light :)
2020-12-22 16:48:53,619 - DEBUG - V=12.4525,I=0.0713,
2020-12-22 16:48:53,620 - WARNING - Voltage GOOD: 12.4525V
2020-12-22 16:48:53,622 - WARNING - Voltage UNKNOWN: 12.4525V
2020-12-22 16:48:53,624 - INFO - Button active: True
2020-12-22 16:48:54,626 - INFO - LED light :)
2020-12-22 16:48:56,633 - DEBUG - V=12.4463,I=0.0875,
2020-12-22 16:48:56,634 - WARNING - Voltage GOOD: 12.446250000000001V
2020-12-22 16:48:56,636 - WARNING - Voltage UNKNOWN: 12.446250000000001V
2020-12-22 16:48:56,638 - INFO - Button active: True
2020-12-22 16:48:57,640 - INFO - LED light :)
2020-12-22 16:48:59,647 - DEBUG - V=12.4488,I=0.0813,
2020-12-22 16:48:59,648 - WARNING - Voltage GOOD: 12.44875V
2020-12-22 16:48:59,650 - WARNING - Voltage UNKNOWN: 12.44875V
2020-12-22 16:48:59,652 - INFO - Button active: True
2020-12-22 16:49:00,655 - INFO - LED light :)
2020-12-22 16:49:02,661 - DEBUG - V=12.4450,I=0.0800,
2020-12-22 16:49:02,663 - WARNING - Voltage GOOD: 12.445V
2020-12-22 16:49:02,664 - WARNING - Voltage UNKNOWN: 12.445V
2020-12-22 16:49:02,666 - INFO - Button active: True
2020-12-22 16:49:03,668 - INFO - LED light :)
2020-12-22 16:49:05,675 - DEBUG - V=12.4425,I=0.0788,
2020-12-22 16:49:05,676 - WARNING - Voltage GOOD: 12.4425V
2020-12-22 16:49:05,684 - WARNING - Voltage UNKNOWN: 12.4425V
2020-12-22 16:49:05,686 - INFO - Button active: True
2020-12-22 16:49:06,688 - INFO - LED light :)
2020-12-22 16:49:08,695 - DEBUG - V=12.4388,I=0.0838,
2020-12-22 16:49:08,696 - WARNING - Voltage GOOD: 12.43875V
2020-12-22 16:49:08,698 - WARNING - Voltage UNKNOWN: 12.43875V
2020-12-22 16:49:08,699 - INFO - Button active: True
2020-12-22 16:49:09,702 - INFO - LED light :)
2020-12-22 16:49:11,708 - DEBUG - V=12.4375,I=0.0838,
2020-12-22 16:49:11,710 - WARNING - Voltage GOOD: 12.4375V
2020-12-22 16:49:11,712 - WARNING - Voltage UNKNOWN: 12.4375V
2020-12-22 16:49:11,714 - INFO - Button active: True
2020-12-22 16:49:12,716 - INFO - LED light :)
2020-12-22 16:49:14,723 - DEBUG - V=12.4337,I=0.0863,
2020-12-22 16:49:14,724 - WARNING - Voltage GOOD: 12.43375V
2020-12-22 16:49:14,726 - WARNING - Voltage UNKNOWN: 12.43375V
2020-12-22 16:49:14,727 - INFO - Button active: True
2020-12-22 16:49:15,730 - INFO - LED light :)
2020-12-22 16:49:17,737 - DEBUG - V=12.4337,I=0.0813,
2020-12-22 16:49:17,738 - WARNING - Voltage GOOD: 12.43375V
2020-12-22 16:49:17,740 - WARNING - Voltage UNKNOWN: 12.43375V
2020-12-22 16:49:17,742 - INFO - Button active: True
2020-12-22 16:49:18,744 - INFO - LED light :)
2020-12-22 16:49:20,751 - DEBUG - V=12.4325,I=0.0775,
2020-12-22 16:49:20,752 - WARNING - Voltage GOOD: 12.4325V
2020-12-22 16:49:20,754 - WARNING - Voltage UNKNOWN: 12.4325V
2020-12-22 16:49:20,756 - INFO - Button active: True
2020-12-22 16:49:21,758 - INFO - LED light :)
2020-12-22 16:49:23,765 - DEBUG - V=12.4300,I=0.0788,
2020-12-22 16:49:23,771 - WARNING - Voltage GOOD: 12.430000000000001V
2020-12-22 16:49:23,773 - WARNING - Voltage UNKNOWN: 12.430000000000001V
2020-12-22 16:49:23,775 - INFO - Button active: True
2020-12-22 16:49:24,778 - INFO - LED light :)
2020-12-22 16:49:26,784 - DEBUG - V=12.4175,I=0.0912,
2020-12-22 16:49:26,786 - WARNING - Voltage GOOD: 12.417499999999999V
2020-12-22 16:49:26,787 - WARNING - Voltage UNKNOWN: 12.417499999999999V
2020-12-22 16:49:26,789 - INFO - Button active: True
2020-12-22 16:49:27,792 - INFO - LED light :)
2020-12-22 16:49:29,798 - DEBUG - V=12.4250,I=0.0838,
2020-12-22 16:49:29,805 - WARNING - Voltage GOOD: 12.424999999999999V
2020-12-22 16:49:29,807 - WARNING - Voltage UNKNOWN: 12.424999999999999V
2020-12-22 16:49:29,808 - INFO - Button active: True
2020-12-22 16:49:30,811 - INFO - LED light :)
2020-12-22 16:49:32,817 - DEBUG - V=12.4263,I=0.0713,
2020-12-22 16:49:32,819 - WARNING - Voltage GOOD: 12.426250000000001V
2020-12-22 16:49:32,821 - WARNING - Voltage UNKNOWN: 12.426250000000001V
2020-12-22 16:49:32,822 - INFO - Button active: True
2020-12-22 16:49:33,825 - INFO - LED light :)
2020-12-22 16:49:35,832 - DEBUG - V=12.4238,I=0.0713,
2020-12-22 16:49:35,833 - WARNING - Voltage GOOD: 12.42375V
2020-12-22 16:49:35,835 - WARNING - Voltage UNKNOWN: 12.42375V
2020-12-22 16:49:35,836 - INFO - Button active: True
2020-12-22 16:49:36,839 - INFO - LED light :)
2020-12-22 16:49:38,846 - DEBUG - V=12.4188,I=0.0713,
2020-12-22 16:49:38,847 - WARNING - Voltage GOOD: 12.418750000000001V
2020-12-22 16:49:38,849 - WARNING - Voltage UNKNOWN: 12.418750000000001V
2020-12-22 16:49:38,850 - INFO - Button active: True
2020-12-22 16:49:39,853 - INFO - LED light :)
2020-12-22 16:49:41,859 - DEBUG - V=12.4212,I=0.0713,
2020-12-22 16:49:41,867 - WARNING - Voltage GOOD: 12.421249999999999V
2020-12-22 16:49:41,869 - WARNING - Voltage UNKNOWN: 12.421249999999999V
2020-12-22 16:49:41,871 - INFO - Button active: True
2020-12-22 16:49:42,874 - INFO - LED light :)
2020-12-22 16:49:44,880 - DEBUG - V=12.4175,I=0.0713,
2020-12-22 16:49:44,882 - WARNING - Voltage GOOD: 12.417499999999999V
2020-12-22 16:49:44,884 - WARNING - Voltage UNKNOWN: 12.417499999999999V
2020-12-22 17:19:46,683 - INFO - LED light :)
2020-12-22 17:19:48,689 - DEBUG - V=12.2800,I=0.0713,
2020-12-22 17:19:48,691 - WARNING - Voltage GOOD: 12.28V
2020-12-22 17:19:48,692 - WARNING - Voltage UNKNOWN: 12.28V
2020-12-22 17:49:50,492 - INFO - LED light :)
2020-12-22 17:49:52,498 - DEBUG - V=12.2500,I=0.0725,
2020-12-22 17:49:52,500 - WARNING - Voltage GOOD: 12.25V
2020-12-22 17:49:52,502 - WARNING - Voltage UNKNOWN: 12.25V
2020-12-22 18:19:54,303 - INFO - LED light :)
2020-12-22 18:19:56,309 - DEBUG - V=12.2300,I=0.0737,
2020-12-22 18:19:56,311 - WARNING - Voltage GOOD: 12.23V
2020-12-22 18:19:56,313 - WARNING - Voltage UNKNOWN: 12.23V
2020-12-22 18:49:58,114 - INFO - LED light :)
2020-12-22 18:50:00,120 - DEBUG - V=12.2138,I=0.0750,
2020-12-22 18:50:00,122 - WARNING - Voltage GOOD: 12.213750000000001V
2020-12-22 18:50:00,124 - WARNING - Voltage UNKNOWN: 12.213750000000001V
2020-12-22 19:20:01,925 - INFO - LED light :)
2020-12-22 19:20:03,932 - DEBUG - V=12.1950,I=0.0725,
2020-12-22 19:20:03,933 - WARNING - Voltage GOOD: 12.195V
2020-12-22 19:20:03,935 - WARNING - Voltage UNKNOWN: 12.195V
2020-12-22 19:50:05,732 - INFO - LED light :)
2020-12-22 19:50:07,738 - DEBUG - V=12.1812,I=0.0688,
2020-12-22 19:50:07,740 - WARNING - Voltage GOOD: 12.181249999999999V
2020-12-22 19:50:07,741 - WARNING - Voltage UNKNOWN: 12.181249999999999V
2020-12-22 20:20:09,542 - INFO - LED light :)
2020-12-22 20:20:11,549 - DEBUG - V=12.1663,I=0.0713,
2020-12-22 20:20:11,550 - WARNING - Voltage GOOD: 12.166250000000002V
2020-12-22 20:20:11,552 - WARNING - Voltage UNKNOWN: 12.166250000000002V
2020-12-22 20:50:13,354 - INFO - LED light :)
2020-12-22 20:50:15,360 - DEBUG - V=12.1550,I=0.0900,
2020-12-22 20:50:15,362 - WARNING - Voltage GOOD: 12.155000000000001V
2020-12-22 20:50:15,364 - WARNING - Voltage UNKNOWN: 12.155000000000001V
2020-12-22 21:20:17,165 - INFO - LED light :)
2020-12-22 21:20:19,171 - DEBUG - V=12.1425,I=0.0912,
2020-12-22 21:20:19,173 - WARNING - Voltage GOOD: 12.1425V
2020-12-22 21:20:19,175 - WARNING - Voltage UNKNOWN: 12.1425V
2020-12-22 21:50:20,972 - INFO - LED light :)
2020-12-22 21:50:22,978 - DEBUG - V=12.1300,I=0.0737,
2020-12-22 21:50:22,980 - WARNING - Voltage GOOD: 12.13V
2020-12-22 21:50:22,982 - WARNING - Voltage UNKNOWN: 12.13V
2020-12-22 22:20:24,783 - INFO - LED light :)
2020-12-22 22:20:26,789 - DEBUG - V=12.1212,I=0.0863,
2020-12-22 22:20:26,791 - WARNING - Voltage GOOD: 12.12125V
2020-12-22 22:20:26,792 - WARNING - Voltage UNKNOWN: 12.12125V
2020-12-22 22:50:28,594 - INFO - LED light :)
2020-12-22 22:50:30,600 - DEBUG - V=12.1100,I=0.0875,
2020-12-22 22:50:30,602 - WARNING - Voltage GOOD: 12.110000000000001V
2020-12-22 22:50:30,603 - WARNING - Voltage UNKNOWN: 12.110000000000001V
2020-12-22 23:20:32,402 - INFO - LED light :)
2020-12-22 23:20:34,408 - DEBUG - V=12.0962,I=0.0750,
2020-12-22 23:20:34,410 - WARNING - Voltage GOOD: 12.09625V
2020-12-22 23:20:34,412 - WARNING - Voltage UNKNOWN: 12.09625V
2020-12-22 23:50:36,212 - INFO - LED light :)
2020-12-22 23:50:38,219 - DEBUG - V=12.0850,I=0.0762,
2020-12-22 23:50:38,220 - WARNING - Voltage GOOD: 12.084999999999999V
2020-12-22 23:50:38,222 - WARNING - Voltage UNKNOWN: 12.084999999999999V
2020-12-23 00:20:40,023 - INFO - LED light :)
2020-12-23 00:20:42,029 - DEBUG - V=12.0725,I=0.0750,
2020-12-23 00:20:42,030 - WARNING - Voltage GOOD: 12.0725V
2020-12-23 00:20:42,032 - WARNING - Voltage UNKNOWN: 12.0725V
2020-12-23 00:29:22,553 - INFO - LED light :)
2020-12-23 00:29:24,559 - DEBUG - V=12.0700,I=0.0775,
2020-12-23 00:29:24,561 - WARNING - Voltage GOOD: 12.07V
2020-12-23 00:29:24,563 - WARNING - Voltage UNKNOWN: 12.07V
2020-12-23 00:29:24,564 - INFO - Button active: True
2020-12-23 00:29:25,567 - INFO - LED light :)
2020-12-23 00:29:27,573 - DEBUG - V=12.0712,I=0.0863,
2020-12-23 00:29:27,580 - WARNING - Voltage GOOD: 12.07125V
2020-12-23 00:29:27,582 - WARNING - Voltage UNKNOWN: 12.07125V
2020-12-23 00:29:27,584 - INFO - Button active: True
2020-12-23 00:29:28,586 - INFO - LED light :)
2020-12-23 00:29:30,593 - DEBUG - V=12.0637,I=0.1125,
2020-12-23 00:29:30,595 - WARNING - Voltage GOOD: 12.063749999999999V
2020-12-23 00:29:30,596 - WARNING - Voltage UNKNOWN: 12.063749999999999V
2020-12-23 00:29:30,598 - INFO - Button active: True
2020-12-23 00:29:31,600 - INFO - LED light :)
2020-12-23 00:29:33,607 - DEBUG - V=12.0687,I=0.0912,
2020-12-23 00:29:33,609 - WARNING - Voltage GOOD: 12.06875V
2020-12-23 00:29:33,610 - WARNING - Voltage UNKNOWN: 12.06875V
2020-12-23 00:59:35,415 - INFO - LED light :)
2020-12-23 00:59:37,421 - DEBUG - V=12.0587,I=0.0762,
2020-12-23 00:59:37,423 - WARNING - Voltage GOOD: 12.05875V
2020-12-23 00:59:37,425 - WARNING - Voltage UNKNOWN: 12.05875V
2020-12-23 01:29:39,222 - INFO - LED light :)
2020-12-23 01:29:41,229 - DEBUG - V=12.0475,I=0.0900,
2020-12-23 01:29:41,230 - WARNING - Voltage GOOD: 12.0475V
2020-12-23 01:29:41,232 - WARNING - Voltage UNKNOWN: 12.0475V
2020-12-23 01:59:43,033 - INFO - LED light :)
2020-12-23 01:59:45,039 - DEBUG - V=12.0362,I=0.0762,
2020-12-23 01:59:45,041 - WARNING - Voltage GOOD: 12.036249999999999V
2020-12-23 01:59:45,043 - WARNING - Voltage UNKNOWN: 12.036249999999999V
2020-12-23 02:29:46,844 - INFO - LED light :)
2020-12-23 02:29:48,850 - DEBUG - V=12.0225,I=0.0775,
2020-12-23 02:29:48,852 - WARNING - Voltage GOOD: 12.0225V
2020-12-23 02:29:48,853 - WARNING - Voltage UNKNOWN: 12.0225V
2020-12-23 02:59:50,655 - INFO - LED light :)
2020-12-23 02:59:52,661 - DEBUG - V=12.0087,I=0.1212,
2020-12-23 02:59:52,663 - WARNING - Voltage GOOD: 12.00875V
2020-12-23 02:59:52,664 - WARNING - Voltage UNKNOWN: 12.00875V
2020-12-23 03:29:54,462 - INFO - LED light :)
2020-12-23 03:29:56,469 - DEBUG - V=11.9988,I=0.0813,
2020-12-23 03:29:56,470 - WARNING - Voltage GOOD: 11.998750000000001V
2020-12-23 03:29:56,472 - WARNING - Voltage UNKNOWN: 11.998750000000001V
2020-12-23 03:59:58,273 - INFO - LED light :)
2020-12-23 04:00:00,279 - DEBUG - V=11.9887,I=0.0788,
2020-12-23 04:00:00,281 - WARNING - Voltage GOOD: 11.98875V
2020-12-23 04:00:00,282 - WARNING - Voltage UNKNOWN: 11.98875V
2020-12-23 04:30:02,083 - INFO - LED light :)
2020-12-23 04:30:04,090 - DEBUG - V=11.9775,I=0.0850,
2020-12-23 04:30:04,092 - WARNING - Voltage GOOD: 11.977500000000001V
2020-12-23 04:30:04,093 - WARNING - Voltage UNKNOWN: 11.977500000000001V
2020-12-23 05:00:05,892 - INFO - LED light :)
2020-12-23 05:00:07,899 - DEBUG - V=11.9650,I=0.0750,
2020-12-23 05:00:07,900 - WARNING - Voltage GOOD: 11.965V
2020-12-23 05:00:07,902 - WARNING - Voltage UNKNOWN: 11.965V
2020-12-23 05:30:09,702 - INFO - LED light :)
2020-12-23 05:30:11,709 - DEBUG - V=11.9525,I=0.0863,
2020-12-23 05:30:11,710 - WARNING - Voltage GOOD: 11.952499999999999V
2020-12-23 05:30:11,712 - WARNING - Voltage UNKNOWN: 11.952499999999999V
2020-12-23 06:00:13,512 - INFO - LED light :)
2020-12-23 06:00:15,519 - DEBUG - V=11.9437,I=0.0700,
2020-12-23 06:00:15,520 - WARNING - Voltage GOOD: 11.94375V
2020-12-23 06:00:15,522 - WARNING - Voltage UNKNOWN: 11.94375V
2020-12-23 06:30:17,323 - INFO - LED light :)
2020-12-23 06:30:19,330 - DEBUG - V=11.9325,I=0.0725,
2020-12-23 06:30:19,331 - WARNING - Voltage GOOD: 11.9325V
2020-12-23 06:30:19,333 - WARNING - Voltage UNKNOWN: 11.9325V
2020-12-23 07:00:21,132 - INFO - LED light :)
2020-12-23 07:00:23,138 - DEBUG - V=11.9200,I=0.0825,
2020-12-23 07:00:23,140 - WARNING - Voltage GOOD: 11.92V
2020-12-23 07:00:23,142 - WARNING - Voltage UNKNOWN: 11.92V
2020-12-23 07:30:24,935 - INFO - LED light :)
2020-12-23 07:30:26,942 - DEBUG - V=11.9050,I=0.0737,
2020-12-23 07:30:26,943 - WARNING - Voltage GOOD: 11.905V
2020-12-23 07:30:26,945 - WARNING - Voltage UNKNOWN: 11.905V
2020-12-23 08:00:28,742 - INFO - LED light :)
2020-12-23 08:00:30,748 - DEBUG - V=11.8912,I=0.0813,
2020-12-23 08:00:30,750 - WARNING - Voltage GOOD: 11.89125V
2020-12-23 08:00:30,752 - WARNING - Voltage UNKNOWN: 11.89125V
2020-12-23 08:30:32,552 - INFO - LED light :)
2020-12-23 08:30:34,559 - DEBUG - V=11.8800,I=0.0800,
2020-12-23 08:30:34,560 - WARNING - Voltage GOOD: 11.879999999999999V
2020-12-23 08:30:34,562 - WARNING - Voltage UNKNOWN: 11.879999999999999V
2020-12-23 09:00:36,364 - INFO - LED light :)
2020-12-23 09:00:38,371 - DEBUG - V=11.8687,I=0.0713,
2020-12-23 09:00:38,372 - WARNING - Voltage GOOD: 11.868749999999999V
2020-12-23 09:00:38,374 - WARNING - Voltage UNKNOWN: 11.868749999999999V
2020-12-23 09:30:40,175 - INFO - LED light :)
2020-12-23 09:30:42,182 - DEBUG - V=11.8588,I=0.0713,
2020-12-23 09:30:42,183 - WARNING - Voltage GOOD: 11.85875V
2020-12-23 09:30:42,185 - WARNING - Voltage UNKNOWN: 11.85875V
2020-12-23 10:00:43,982 - INFO - LED light :)
2020-12-23 10:00:45,988 - DEBUG - V=11.8500,I=0.0750,
2020-12-23 10:00:45,990 - WARNING - Voltage GOOD: 11.850000000000001V
2020-12-23 10:00:45,992 - WARNING - Voltage UNKNOWN: 11.850000000000001V
2020-12-23 10:30:47,793 - INFO - LED light :)
2020-12-23 10:30:49,799 - DEBUG - V=11.8413,I=0.0775,
2020-12-23 10:30:49,801 - WARNING - Voltage GOOD: 11.84125V
2020-12-23 10:30:49,803 - WARNING - Voltage UNKNOWN: 11.84125V
2020-12-23 11:00:51,602 - INFO - LED light :)
2020-12-23 11:00:53,608 - DEBUG - V=11.8313,I=0.0762,
2020-12-23 11:00:53,610 - WARNING - Voltage GOOD: 11.83125V
2020-12-23 11:00:53,612 - WARNING - Voltage UNKNOWN: 11.83125V
2020-12-23 11:30:55,414 - INFO - LED light :)
2020-12-23 11:30:57,420 - DEBUG - V=11.8225,I=0.0750,
2020-12-23 11:30:57,422 - WARNING - Voltage GOOD: 11.8225V
2020-12-23 11:30:57,424 - WARNING - Voltage UNKNOWN: 11.8225V
2020-12-23 12:00:59,222 - INFO - LED light :)
2020-12-23 12:01:01,229 - DEBUG - V=11.8138,I=0.0737,
2020-12-23 12:01:01,230 - WARNING - Voltage GOOD: 11.81375V
2020-12-23 12:01:01,232 - WARNING - Voltage UNKNOWN: 11.81375V
2020-12-23 12:31:03,033 - INFO - LED light :)
2020-12-23 12:31:05,039 - DEBUG - V=11.8063,I=0.0887,
2020-12-23 12:31:05,041 - WARNING - Voltage GOOD: 11.80625V
2020-12-23 12:31:05,042 - WARNING - Voltage UNKNOWN: 11.80625V
2020-12-23 13:01:06,844 - INFO - LED light :)
2020-12-23 13:01:08,850 - DEBUG - V=11.7975,I=0.0725,
2020-12-23 13:01:08,852 - WARNING - Voltage GOOD: 11.797500000000001V
2020-12-23 13:01:08,853 - WARNING - Voltage UNKNOWN: 11.797500000000001V
2020-12-23 13:31:10,652 - INFO - LED light :)
2020-12-23 13:31:12,658 - DEBUG - V=11.7887,I=0.0850,
2020-12-23 13:31:12,660 - WARNING - Voltage GOOD: 11.788749999999999V
2020-12-23 13:31:12,662 - WARNING - Voltage UNKNOWN: 11.788749999999999V
2020-12-23 14:01:14,466 - INFO - LED light :)
2020-12-23 14:01:16,472 - DEBUG - V=11.7800,I=0.0887,
2020-12-23 14:01:16,474 - WARNING - Voltage GOOD: 11.78V
2020-12-23 14:01:16,475 - WARNING - Voltage UNKNOWN: 11.78V
2020-12-23 14:31:18,273 - INFO - LED light :)
2020-12-23 14:31:20,279 - DEBUG - V=11.7713,I=0.0737,
2020-12-23 14:31:20,281 - WARNING - Voltage GOOD: 11.77125V
2020-12-23 14:31:20,282 - WARNING - Voltage UNKNOWN: 11.77125V
2020-12-23 15:01:22,084 - INFO - LED light :)
2020-12-23 15:01:24,090 - DEBUG - V=11.7600,I=0.0875,
2020-12-23 15:01:24,092 - WARNING - Voltage GOOD: 11.76V
2020-12-23 15:01:24,093 - WARNING - Voltage UNKNOWN: 11.76V
2020-12-23 15:31:25,892 - INFO - LED light :)
2020-12-23 15:31:27,899 - DEBUG - V=11.7512,I=0.0813,
2020-12-23 15:31:27,900 - WARNING - Voltage GOOD: 11.751249999999999V
2020-12-23 15:31:27,902 - WARNING - Voltage UNKNOWN: 11.751249999999999V
2020-12-23 16:01:29,706 - INFO - LED light :)
2020-12-23 16:01:31,712 - DEBUG - V=11.7413,I=0.0838,
2020-12-23 16:01:31,714 - WARNING - Voltage GOOD: 11.74125V
2020-12-23 16:01:31,715 - WARNING - Voltage UNKNOWN: 11.74125V
2020-12-23 16:31:33,502 - INFO - LED light :)
2020-12-23 16:31:35,508 - DEBUG - V=11.7300,I=0.0762,
2020-12-23 16:31:35,510 - WARNING - Voltage GOOD: 11.73V
2020-12-23 16:31:35,512 - WARNING - Voltage UNKNOWN: 11.73V
2020-12-23 17:01:37,312 - INFO - LED light :)
2020-12-23 17:01:39,318 - DEBUG - V=11.7188,I=0.0838,
2020-12-23 17:01:39,320 - WARNING - Voltage GOOD: 11.71875V
2020-12-23 17:01:39,322 - WARNING - Voltage UNKNOWN: 11.71875V
2020-12-23 17:31:41,119 - INFO - LED light :)
2020-12-23 17:31:43,125 - DEBUG - V=11.7112,I=0.0825,
2020-12-23 17:31:43,127 - WARNING - Voltage GOOD: 11.71125V
2020-12-23 17:31:43,129 - WARNING - Voltage UNKNOWN: 11.71125V
2020-12-23 18:01:44,934 - INFO - LED light :)
2020-12-23 18:01:46,940 - DEBUG - V=11.6988,I=0.0938,
2020-12-23 18:01:46,942 - WARNING - Voltage GOOD: 11.69875V
2020-12-23 18:01:46,944 - WARNING - Voltage UNKNOWN: 11.69875V
2020-12-23 18:31:48,742 - INFO - LED light :)
2020-12-23 18:31:50,748 - DEBUG - V=11.6875,I=0.0912,
2020-12-23 18:31:50,750 - WARNING - Voltage GOOD: 11.6875V
2020-12-23 18:31:50,752 - WARNING - Voltage UNKNOWN: 11.6875V
2020-12-23 19:01:52,553 - INFO - LED light :)
2020-12-23 19:01:54,560 - DEBUG - V=11.6788,I=0.0750,
2020-12-23 19:01:54,561 - WARNING - Voltage GOOD: 11.67875V
2020-12-23 19:01:54,563 - WARNING - Voltage UNKNOWN: 11.67875V
2020-12-23 19:31:56,364 - INFO - LED light :)
2020-12-23 19:31:58,370 - DEBUG - V=11.6675,I=0.0762,
2020-12-23 19:31:58,372 - WARNING - Voltage GOOD: 11.6675V
2020-12-23 19:31:58,373 - WARNING - Voltage UNKNOWN: 11.6675V
2020-12-23 20:02:00,175 - INFO - LED light :)
2020-12-23 20:02:02,182 - DEBUG - V=11.6538,I=0.0762,
2020-12-23 20:02:02,183 - WARNING - Voltage GOOD: 11.65375V
2020-12-23 20:02:02,185 - WARNING - Voltage UNKNOWN: 11.65375V
2020-12-23 20:32:03,982 - INFO - LED light :)
2020-12-23 20:32:05,988 - DEBUG - V=11.6425,I=0.0813,
2020-12-23 20:32:05,990 - WARNING - Voltage GOOD: 11.6425V
2020-12-23 20:32:05,992 - WARNING - Voltage UNKNOWN: 11.6425V
2020-12-23 21:02:07,793 - INFO - LED light :)
2020-12-23 21:02:09,799 - DEBUG - V=11.6300,I=0.0788,
2020-12-23 21:02:09,801 - WARNING - Voltage GOOD: 11.63V
2020-12-23 21:02:09,803 - WARNING - Voltage UNKNOWN: 11.63V
2020-12-23 21:32:11,599 - INFO - LED light :)
2020-12-23 21:32:13,605 - DEBUG - V=11.6200,I=0.0788,
2020-12-23 21:32:13,607 - WARNING - Voltage GOOD: 11.62V
2020-12-23 21:32:13,608 - WARNING - Voltage UNKNOWN: 11.62V
2020-12-23 22:02:15,402 - INFO - LED light :)
2020-12-23 22:02:17,408 - DEBUG - V=11.6062,I=0.0762,
2020-12-23 22:02:17,410 - WARNING - Voltage GOOD: 11.60625V
2020-12-23 22:02:17,412 - WARNING - Voltage UNKNOWN: 11.60625V
2020-12-23 22:32:19,213 - INFO - LED light :)
2020-12-23 22:32:21,220 - DEBUG - V=11.5888,I=0.0813,
2020-12-23 22:32:21,221 - WARNING - Voltage LOW: 11.588750000000001V
2020-12-23 23:02:29,262 - INFO - LED light :)
2020-12-23 23:02:31,269 - DEBUG - V=11.5762,I=0.0887,
2020-12-23 23:02:31,270 - WARNING - Voltage LOW: 11.576249999999998V
2020-12-23 23:32:33,073 - INFO - LED light :)
2020-12-23 23:32:35,080 - DEBUG - V=11.5613,I=0.0775,
2020-12-23 23:32:35,082 - WARNING - Voltage LOW: 11.561250000000001V
2020-12-24 00:02:36,882 - INFO - LED light :)
2020-12-24 00:02:38,888 - DEBUG - V=11.5475,I=0.0800,
2020-12-24 00:02:38,890 - WARNING - Voltage LOW: 11.5475V
2020-12-24 00:32:40,693 - INFO - LED light :)
2020-12-24 00:32:42,699 - DEBUG - V=11.5325,I=0.0825,
2020-12-24 00:32:42,701 - WARNING - Voltage LOW: 11.5325V
2020-12-24 01:02:44,502 - INFO - LED light :)
2020-12-24 01:02:46,509 - DEBUG - V=11.5137,I=0.0737,
2020-12-24 01:02:46,510 - WARNING - Voltage LOW: 11.51375V
2020-12-24 01:32:48,312 - INFO - LED light :)
2020-12-24 01:32:50,319 - DEBUG - V=11.4987,I=0.0887,
2020-12-24 01:32:50,320 - WARNING - Voltage LOW: 11.49875V
2020-12-24 02:02:52,124 - INFO - LED light :)
2020-12-24 02:02:54,131 - DEBUG - V=11.4762,I=0.0750,
2020-12-24 02:02:54,132 - WARNING - Voltage LOW: 11.476249999999999V
2020-12-24 02:32:55,935 - INFO - LED light :)
2020-12-24 02:32:57,942 - DEBUG - V=11.4525,I=0.0863,
2020-12-24 02:32:57,943 - WARNING - Voltage LOW: 11.4525V
2020-12-24 03:02:59,742 - INFO - LED light :)
2020-12-24 03:03:01,748 - DEBUG - V=11.4300,I=0.0912,
2020-12-24 03:03:01,750 - WARNING - Voltage LOW: 11.43V
2020-12-24 03:33:03,552 - INFO - LED light :)
2020-12-24 03:33:05,558 - DEBUG - V=11.4037,I=0.0887,
2020-12-24 03:33:05,560 - WARNING - Voltage LOW: 11.403749999999999V
2020-12-24 04:03:07,364 - INFO - LED light :)
2020-12-24 04:03:09,370 - DEBUG - V=11.3650,I=0.0887,
2020-12-24 04:03:09,372 - WARNING - Voltage VERY LOW: 11.365V
2020-12-24 04:33:17,442 - INFO - LED light :)
2020-12-24 04:33:19,449 - DEBUG - V=11.3312,I=0.0762,
2020-12-24 04:33:19,450 - WARNING - Voltage VERY LOW: 11.331249999999999V
2020-12-24 05:03:21,252 - INFO - LED light :)
2020-12-24 05:03:23,259 - DEBUG - V=11.2837,I=0.0850,
2020-12-24 05:03:23,260 - WARNING - Voltage VERY LOW: 11.28375V
2020-12-24 05:33:25,063 - INFO - LED light :)
2020-12-24 05:33:27,070 - DEBUG - V=11.2063,I=0.0800,
2020-12-24 05:33:27,071 - WARNING - Voltage VERY LOW: 11.20625V
